TN:
SF:controller\user.js
FN:3,(anonymous_0)
FNF:1
FNH:1
FNDA:3,(anonymous_0)
DA:1,1
DA:3,1
DA:4,3
DA:5,3
DA:7,2
DA:8,1
DA:9,1
DA:11,1
DA:14,1
DA:15,1
LF:10
LH:10
BRDA:7,0,0,1
BRDA:7,0,1,1
BRF:2
BRH:2
end_of_record
TN:
SF:models\user.js
FN:4,(anonymous_0)
FN:41,(anonymous_1)
FNF:2
FNH:2
FNDA:1,(anonymous_0)
FNDA:1,(anonymous_1)
DA:1,2
DA:3,2
DA:5,1
DA:42,1
DA:43,1
DA:49,1
LF:6
LH:6
BRF:0
BRH:0
end_of_record
TN:
SF:routes\middlewares.js
FN:19,(anonymous_0)
FN:27,(anonymous_1)
FNF:2
FNH:2
FNDA:2,(anonymous_0)
FNDA:2,(anonymous_1)
DA:19,1
DA:20,2
DA:21,1
DA:23,1
DA:27,1
DA:28,2
DA:29,1
DA:31,1
DA:32,1
LF:9
LH:9
BRDA:20,0,0,1
BRDA:20,0,1,1
BRDA:28,1,0,1
BRDA:28,1,1,1
BRF:4
BRH:4
end_of_record
